<?xml version="1.0" encoding="UTF-8"?>
<testng-results ignored="0" total="1" passed="1" failed="0" skipped="0">
  <reporter-output>
  </reporter-output>
  <suite started-at="2024-04-10T10:38:47 CEST" name="Default Suite" finished-at="2024-04-10T10:38:47 CEST" duration-ms="28">
    <groups>
    </groups>
    <test started-at="2024-04-10T10:38:47 CEST" name="Maven_TestNG" finished-at="2024-04-10T10:38:47 CEST" duration-ms="28">
      <class name="TestCases">
        <test-method signature="test1()[pri:0, instance:TestCases@2d127a61]" started-at="2024-04-10T10:38:47 CEST" name="test1" finished-at="2024-04-10T10:38:47 CEST" duration-ms="3" status="PASS">
          <reporter-output>
          </reporter-output>
        </test-method> <!-- test1 -->
      </class> <!-- TestCases -->
    </test> <!-- Maven_TestNG -->
  </suite> <!-- Default Suite -->
</testng-results>
